2022-11-18 11:22:50,925 [background-preinit] INFO  [org.hibernate.validator.internal.util.Version] Version.java:21 - HV000001: Hibernate Validator 6.2.5.Final
2022-11-18 11:22:50,954 [main] INFO  [c.a.cloud.nacos.configdata.NacosConfigDataLoader] DeferredLog.java:255 - [Nacos Config] Load config[dataId=yunlong-gateway-dev.yaml, group=DEFAULT_GROUP] success
2022-11-18 11:22:50,955 [main] INFO  [c.a.cloud.nacos.configdata.NacosConfigDataLoader] DeferredLog.java:255 - [Nacos Config] Load config[dataId=application-dev.yaml, group=DEFAULT_GROUP] success
2022-11-18 11:22:51,221 [main] INFO  [c.u.j.c.EnableEncryptablePropertiesBeanFactoryPostProcessor] EnableEncryptablePropertiesBeanFactoryPostProcessor.java:40 - Post-processing PropertySource instances
2022-11-18 11:22:51,222 [main] INFO  [c.u.j.EncryptablePropertySourceConverter] EncryptablePropertySourceConverter.java:76 - Skipping PropertySource configurationProperties [class org.springframework.boot.context.properties.source.ConfigurationPropertySourcesPropertySource
2022-11-18 11:22:51,223 [main] INFO  [c.u.j.EncryptablePropertySourceConverter] EncryptablePropertySourceConverter.java:81 - Converting PropertySource gateway-properties [org.springframework.core.env.MapPropertySource] to EncryptableMapPropertySourceWrapper
2022-11-18 11:22:51,224 [main] INFO  [c.u.j.EncryptablePropertySourceConverter] EncryptablePropertySourceConverter.java:81 - Converting PropertySource bootstrap [org.springframework.core.env.MapPropertySource] to EncryptableMapPropertySourceWrapper
2022-11-18 11:22:51,224 [main] INFO  [c.u.j.EncryptablePropertySourceConverter] EncryptablePropertySourceConverter.java:81 - Converting PropertySource systemProperties [org.springframework.core.env.PropertiesPropertySource] to EncryptableMapPropertySourceWrapper
2022-11-18 11:22:51,225 [main] INFO  [c.u.j.EncryptablePropertySourceConverter] EncryptablePropertySourceConverter.java:81 - Converting PropertySource systemEnvironment [org.springframework.boot.env.SystemEnvironmentPropertySourceEnvironmentPostProcessor$OriginAwareSystemEnvironmentPropertySource] to EncryptableSystemEnvironmentPropertySourceWrapper
2022-11-18 11:22:51,225 [main] INFO  [c.u.j.EncryptablePropertySourceConverter] EncryptablePropertySourceConverter.java:81 - Converting PropertySource random [org.springframework.boot.env.RandomValuePropertySource] to EncryptablePropertySourceWrapper
2022-11-18 11:22:51,225 [main] INFO  [c.u.j.EncryptablePropertySourceConverter] EncryptablePropertySourceConverter.java:81 - Converting PropertySource cachedrandom [org.springframework.cloud.util.random.CachedRandomPropertySource] to EncryptablePropertySourceWrapper
2022-11-18 11:22:51,226 [main] INFO  [c.u.j.EncryptablePropertySourceConverter] EncryptablePropertySourceConverter.java:81 - Converting PropertySource springCloudClientHostInfo [org.springframework.core.env.MapPropertySource] to EncryptableMapPropertySourceWrapper
2022-11-18 11:22:51,226 [main] INFO  [c.u.j.EncryptablePropertySourceConverter] EncryptablePropertySourceConverter.java:81 - Converting PropertySource yunlong-gateway-dev.yaml [org.springframework.boot.env.OriginTrackedMapPropertySource] to EncryptableMapPropertySourceWrapper
2022-11-18 11:22:51,226 [main] INFO  [c.u.j.EncryptablePropertySourceConverter] EncryptablePropertySourceConverter.java:81 - Converting PropertySource application-dev.yaml [org.springframework.boot.env.OriginTrackedMapPropertySource] to EncryptableMapPropertySourceWrapper
2022-11-18 11:22:51,226 [main] INFO  [c.u.j.EncryptablePropertySourceConverter] EncryptablePropertySourceConverter.java:81 - Converting PropertySource Config resource 'class path resource [bootstrap.yml]' via location 'optional:classpath:/' [org.springframework.boot.env.OriginTrackedMapPropertySource] to EncryptableMapPropertySourceWrapper
2022-11-18 11:22:51,261 [main] INFO  [c.u.j.filter.DefaultLazyPropertyFilter] DefaultLazyPropertyFilter.java:31 - Property Filter custom Bean not found with name 'encryptablePropertyFilter'. Initializing Default Property Filter
2022-11-18 11:22:51,268 [main] INFO  [c.u.j.resolver.DefaultLazyPropertyResolver] DefaultLazyPropertyResolver.java:35 - Property Resolver custom Bean not found with name 'encryptablePropertyResolver'. Initializing Default Property Resolver
2022-11-18 11:22:51,271 [main] INFO  [c.u.j.detector.DefaultLazyPropertyDetector] DefaultLazyPropertyDetector.java:35 - Property Detector custom Bean not found with name 'encryptablePropertyDetector'. Initializing Default Property Detector
2022-11-18 11:22:51,374 [main] INFO  [cn.yunlong.gateway.GatewayApplication] SpringApplication.java:640 - The following 1 profile is active: "dev"
2022-11-18 11:22:51,759 [main] INFO  [c.u.j.c.EnableEncryptablePropertiesBeanFactoryPostProcessor] EnableEncryptablePropertiesBeanFactoryPostProcessor.java:40 - Post-processing PropertySource instances
2022-11-18 11:22:51,760 [main] INFO  [c.u.j.EncryptablePropertySourceConverter] EncryptablePropertySourceConverter.java:81 - Converting PropertySource bootstrapProperties-yunlong-gateway-dev.properties,DEFAULT_GROUP [org.springframework.cloud.bootstrap.config.BootstrapPropertySource] to EncryptableEnumerablePropertySourceWrapper
2022-11-18 11:22:51,760 [main] INFO  [c.u.j.EncryptablePropertySourceConverter] EncryptablePropertySourceConverter.java:81 - Converting PropertySource bootstrapProperties-yunlong-gateway.properties,DEFAULT_GROUP [org.springframework.cloud.bootstrap.config.BootstrapPropertySource] to EncryptableEnumerablePropertySourceWrapper
2022-11-18 11:22:51,760 [main] INFO  [c.u.j.EncryptablePropertySourceConverter] EncryptablePropertySourceConverter.java:81 - Converting PropertySource bootstrapProperties-yunlong-gateway,DEFAULT_GROUP [org.springframework.cloud.bootstrap.config.BootstrapPropertySource] to EncryptableEnumerablePropertySourceWrapper
2022-11-18 11:22:51,760 [main] INFO  [c.u.j.EncryptablePropertySourceConverter] EncryptablePropertySourceConverter.java:76 - Skipping PropertySource configurationProperties [class org.springframework.boot.context.properties.source.ConfigurationPropertySourcesPropertySource
2022-11-18 11:22:51,760 [main] INFO  [c.u.j.EncryptablePropertySourceConverter] EncryptablePropertySourceConverter.java:81 - Converting PropertySource gateway-properties [org.springframework.core.env.MapPropertySource] to EncryptableMapPropertySourceWrapper
2022-11-18 11:22:51,760 [main] INFO  [c.u.j.EncryptablePropertySourceConverter] EncryptablePropertySourceConverter.java:81 - Converting PropertySource systemProperties [org.springframework.core.env.PropertiesPropertySource] to EncryptableMapPropertySourceWrapper
2022-11-18 11:22:51,760 [main] INFO  [c.u.j.EncryptablePropertySourceConverter] EncryptablePropertySourceConverter.java:81 - Converting PropertySource systemEnvironment [org.springframework.boot.env.SystemEnvironmentPropertySourceEnvironmentPostProcessor$OriginAwareSystemEnvironmentPropertySource] to EncryptableSystemEnvironmentPropertySourceWrapper
2022-11-18 11:22:51,760 [main] INFO  [c.u.j.EncryptablePropertySourceConverter] EncryptablePropertySourceConverter.java:81 - Converting PropertySource random [org.springframework.boot.env.RandomValuePropertySource] to EncryptablePropertySourceWrapper
2022-11-18 11:22:51,760 [main] INFO  [c.u.j.EncryptablePropertySourceConverter] EncryptablePropertySourceConverter.java:81 - Converting PropertySource cachedrandom [org.springframework.cloud.util.random.CachedRandomPropertySource] to EncryptablePropertySourceWrapper
2022-11-18 11:22:51,760 [main] INFO  [c.u.j.EncryptablePropertySourceConverter] EncryptablePropertySourceConverter.java:81 - Converting PropertySource springCloudClientHostInfo [org.springframework.core.env.MapPropertySource] to EncryptableMapPropertySourceWrapper
2022-11-18 11:22:51,760 [main] INFO  [c.u.j.EncryptablePropertySourceConverter] EncryptablePropertySourceConverter.java:81 - Converting PropertySource springCloudDefaultProperties [org.springframework.core.env.MapPropertySource] to EncryptableMapPropertySourceWrapper
2022-11-18 11:22:52,293 [main] INFO  [o.s.c.gateway.route.RouteDefinitionRouteLocator] RouteDefinitionRouteLocator.java:88 - Loaded RoutePredicateFactory [After]
2022-11-18 11:22:52,293 [main] INFO  [o.s.c.gateway.route.RouteDefinitionRouteLocator] RouteDefinitionRouteLocator.java:88 - Loaded RoutePredicateFactory [Before]
2022-11-18 11:22:52,293 [main] INFO  [o.s.c.gateway.route.RouteDefinitionRouteLocator] RouteDefinitionRouteLocator.java:88 - Loaded RoutePredicateFactory [Between]
2022-11-18 11:22:52,293 [main] INFO  [o.s.c.gateway.route.RouteDefinitionRouteLocator] RouteDefinitionRouteLocator.java:88 - Loaded RoutePredicateFactory [Cookie]
2022-11-18 11:22:52,293 [main] INFO  [o.s.c.gateway.route.RouteDefinitionRouteLocator] RouteDefinitionRouteLocator.java:88 - Loaded RoutePredicateFactory [Header]
2022-11-18 11:22:52,293 [main] INFO  [o.s.c.gateway.route.RouteDefinitionRouteLocator] RouteDefinitionRouteLocator.java:88 - Loaded RoutePredicateFactory [Host]
2022-11-18 11:22:52,293 [main] INFO  [o.s.c.gateway.route.RouteDefinitionRouteLocator] RouteDefinitionRouteLocator.java:88 - Loaded RoutePredicateFactory [Method]
2022-11-18 11:22:52,293 [main] INFO  [o.s.c.gateway.route.RouteDefinitionRouteLocator] RouteDefinitionRouteLocator.java:88 - Loaded RoutePredicateFactory [Path]
2022-11-18 11:22:52,293 [main] INFO  [o.s.c.gateway.route.RouteDefinitionRouteLocator] RouteDefinitionRouteLocator.java:88 - Loaded RoutePredicateFactory [Query]
2022-11-18 11:22:52,293 [main] INFO  [o.s.c.gateway.route.RouteDefinitionRouteLocator] RouteDefinitionRouteLocator.java:88 - Loaded RoutePredicateFactory [ReadBody]
2022-11-18 11:22:52,294 [main] INFO  [o.s.c.gateway.route.RouteDefinitionRouteLocator] RouteDefinitionRouteLocator.java:88 - Loaded RoutePredicateFactory [RemoteAddr]
2022-11-18 11:22:52,294 [main] INFO  [o.s.c.gateway.route.RouteDefinitionRouteLocator] RouteDefinitionRouteLocator.java:88 - Loaded RoutePredicateFactory [XForwardedRemoteAddr]
2022-11-18 11:22:52,294 [main] INFO  [o.s.c.gateway.route.RouteDefinitionRouteLocator] RouteDefinitionRouteLocator.java:88 - Loaded RoutePredicateFactory [Weight]
2022-11-18 11:22:52,294 [main] INFO  [o.s.c.gateway.route.RouteDefinitionRouteLocator] RouteDefinitionRouteLocator.java:88 - Loaded RoutePredicateFactory [CloudFoundryRouteService]
2022-11-18 11:22:52,443 [main] INFO  [c.u.j.filter.DefaultLazyPropertyFilter] DefaultLazyPropertyFilter.java:31 - Property Filter custom Bean not found with name 'encryptablePropertyFilter'. Initializing Default Property Filter
2022-11-18 11:22:52,460 [main] INFO  [c.u.j.resolver.DefaultLazyPropertyResolver] DefaultLazyPropertyResolver.java:35 - Property Resolver custom Bean not found with name 'encryptablePropertyResolver'. Initializing Default Property Resolver
2022-11-18 11:22:52,461 [main] INFO  [c.u.j.detector.DefaultLazyPropertyDetector] DefaultLazyPropertyDetector.java:35 - Property Detector custom Bean not found with name 'encryptablePropertyDetector'. Initializing Default Property Detector
2022-11-18 11:22:52,838 [main] INFO  [c.a.cloud.nacos.registry.NacosServiceRegistry] NacosServiceRegistry.java:75 - nacos registry, DEFAULT_GROUP yunlong-gateway 10.8.145.23:8910 register finished
2022-11-18 11:22:52,847 [main] INFO  [cn.yunlong.gateway.GatewayApplication] StartupInfoLogger.java:61 - Started GatewayApplication in 3.298 seconds (JVM running for 3.786)
2022-11-18 11:22:52,850 [main] INFO  [c.a.cloud.nacos.refresh.NacosContextRefresher] NacosContextRefresher.java:129 - [Nacos Config] Listening config: dataId=yunlong-gateway, group=DEFAULT_GROUP
2022-11-18 11:22:52,850 [main] INFO  [c.a.cloud.nacos.refresh.NacosContextRefresher] NacosContextRefresher.java:129 - [Nacos Config] Listening config: dataId=yunlong-gateway-dev.properties, group=DEFAULT_GROUP
2022-11-18 11:22:52,850 [main] INFO  [c.a.cloud.nacos.refresh.NacosContextRefresher] NacosContextRefresher.java:129 - [Nacos Config] Listening config: dataId=yunlong-gateway.properties, group=DEFAULT_GROUP
2022-11-18 11:22:52,851 [main] INFO  [c.a.cloud.nacos.refresh.NacosContextRefresher] NacosContextRefresher.java:129 - [Nacos Config] Listening config: dataId=application-dev.yaml, group=DEFAULT_GROUP
2022-11-18 11:22:52,851 [main] INFO  [c.a.cloud.nacos.refresh.NacosContextRefresher] NacosContextRefresher.java:129 - [Nacos Config] Listening config: dataId=yunlong-gateway-dev.yaml, group=DEFAULT_GROUP
